TN:
SF:/home/kashyap/code/desmos-random-code-generator/src/index.ts
FN:22,(anonymous_0)
FN:28,(anonymous_1)
FN:36,(anonymous_2)
FNF:3
FNH:0
FNDA:0,(anonymous_0)
FNDA:0,(anonymous_1)
FNDA:0,(anonymous_2)
DA:1,0
DA:3,0
DA:4,0
DA:22,0
DA:26,0
DA:27,0
DA:28,0
DA:29,0
DA:30,0
DA:31,0
DA:32,0
DA:34,0
DA:36,0
DA:37,0
DA:38,0
DA:39,0
DA:41,0
LF:17
LH:0
BRDA:22,0,0,0
BRDA:22,0,1,0
BRF:2
BRH:0
end_of_record
TN:
SF:/home/kashyap/code/desmos-random-code-generator/src/modules/charCodeGenerator.ts
FN:1,(anonymous_0)
FN:2,(anonymous_1)
FN:5,(anonymous_2)
FN:6,(anonymous_3)
FN:18,(anonymous_4)
FNF:5
FNH:5
FNDA:2,(anonymous_0)
FNDA:72,(anonymous_1)
FNDA:4,(anonymous_2)
FNDA:72,(anonymous_3)
FNDA:255,(anonymous_4)
DA:1,3
DA:2,2
DA:3,72
DA:5,2
DA:6,4
DA:7,72
DA:8,72
DA:9,72
DA:10,3
DA:12,69
DA:15,2
DA:16,2
DA:17,2
DA:18,255
DA:19,2
LF:15
LH:15
BRDA:3,0,0,72
BRDA:3,0,1,72
BRDA:9,1,0,3
BRDA:9,1,1,69
BRF:4
BRH:4
end_of_record
TN:
SF:/home/kashyap/code/desmos-random-code-generator/src/modules/disallowedWordCheckGenerator.ts
FN:3,(anonymous_0)
FN:4,(anonymous_1)
FN:5,(anonymous_2)
FN:6,(anonymous_3)
FNF:4
FNH:4
FNDA:2,(anonymous_0)
FNDA:2,(anonymous_1)
FNDA:4,(anonymous_2)
FNDA:5,(anonymous_3)
DA:1,3
DA:3,3
DA:4,2
DA:5,2
DA:6,4
DA:7,5
DA:9,4
LF:7
LH:7
BRF:0
BRH:0
end_of_record
TN:
SF:/home/kashyap/code/desmos-random-code-generator/src/modules/index.ts
FNF:0
FNH:0
DA:1,3
DA:2,3
DA:3,3
LF:3
LH:3
BRF:0
BRH:0
end_of_record
TN:
SF:/home/kashyap/code/desmos-random-code-generator/src/modules/isSubsequence.ts
FN:1,(anonymous_0)
FNF:1
FNH:1
FNDA:82,(anonymous_0)
DA:1,3
DA:2,82
DA:3,6
DA:5,76
DA:6,6
DA:8,70
DA:9,26
DA:11,44
LF:8
LH:8
BRDA:2,0,0,6
BRDA:2,0,1,76
BRDA:5,1,0,6
BRDA:5,1,1,70
BRDA:8,2,0,26
BRDA:8,2,1,44
BRF:6
BRH:6
end_of_record
